<?xml version="1.0" encoding="UTF-8"?>
<testsuite xmlns:xsi="http://www.w3.org/2001/XMLSchema-instance" xsi:noNamespaceSchemaLocation="https://maven.apache.org/surefire/maven-surefire-plugin/xsd/surefire-test-report.xsd" version="3.0.2" name="gr.hua.dit.ds.housingsystem.repositories.ViewingRequestRepositoryTest" time="1.252" tests="1" errors="0" skipped="0" failures="0">
  <properties>
    <property name="java.specification.version" value="21"/>
    <property name="sun.jnu.encoding" value="UTF-8"/>
    <property name="java.class.path" value="/home/alexj/Desktop/housingsystem/target/test-classes:/home/alexj/Desktop/housingsystem/target/classes:/home/alexj/.m2/repository/org/springframework/boot/spring-boot-starter-thymeleaf/3.4.0/spring-boot-starter-thymeleaf-3.4.0.jar:/home/alexj/.m2/repository/org/springframework/boot/spring-boot-starter/3.4.0/spring-boot-starter-3.4.0.jar:/home/alexj/.m2/repository/org/springframework/boot/spring-boot-starter-logging/3.4.0/spring-boot-starter-logging-3.4.0.jar:/home/alexj/.m2/repository/ch/qos/logback/logback-classic/1.5.12/logback-classic-1.5.12.jar:/home/alexj/.m2/repository/ch/qos/logback/logback-core/1.5.12/logback-core-1.5.12.jar:/home/alexj/.m2/repository/org/apache/logging/log4j/log4j-to-slf4j/2.24.1/log4j-to-slf4j-2.24.1.jar:/home/alexj/.m2/repository/org/apache/logging/log4j/log4j-api/2.24.1/log4j-api-2.24.1.jar:/home/alexj/.m2/repository/org/slf4j/jul-to-slf4j/2.0.16/jul-to-slf4j-2.0.16.jar:/home/alexj/.m2/repository/jakarta/annotation/jakarta.annotation-api/2.1.1/jakarta.annotation-api-2.1.1.jar:/home/alexj/.m2/repository/org/yaml/snakeyaml/2.3/snakeyaml-2.3.jar:/home/alexj/.m2/repository/org/thymeleaf/thymeleaf-spring6/3.1.2.RELEASE/thymeleaf-spring6-3.1.2.RELEASE.jar:/home/alexj/.m2/repository/org/thymeleaf/thymeleaf/3.1.2.RELEASE/thymeleaf-3.1.2.RELEASE.jar:/home/alexj/.m2/repository/org/attoparser/attoparser/2.0.7.RELEASE/attoparser-2.0.7.RELEASE.jar:/home/alexj/.m2/repository/org/unbescape/unbescape/1.1.6.RELEASE/unbescape-1.1.6.RELEASE.jar:/home/alexj/.m2/repository/org/springframework/boot/spring-boot-starter-web/3.4.0/spring-boot-starter-web-3.4.0.jar:/home/alexj/.m2/repository/org/springframework/boot/spring-boot-starter-json/3.4.0/spring-boot-starter-json-3.4.0.jar:/home/alexj/.m2/repository/com/fasterxml/jackson/datatype/jackson-datatype-jdk8/2.18.1/jackson-datatype-jdk8-2.18.1.jar:/home/alexj/.m2/repository/com/fasterxml/jackson/datatype/jackson-datatype-jsr310/2.18.1/jackson-datatype-jsr310-2.18.1.jar:/home/alexj/.m2/repository/com/fasterxml/jackson/module/jackson-module-parameter-names/2.18.1/jackson-module-parameter-names-2.18.1.jar:/home/alexj/.m2/repository/org/springframework/boot/spring-boot-starter-tomcat/3.4.0/spring-boot-starter-tomcat-3.4.0.jar:/home/alexj/.m2/repository/org/apache/tomcat/embed/tomcat-embed-core/10.1.33/tomcat-embed-core-10.1.33.jar:/home/alexj/.m2/repository/org/apache/tomcat/embed/tomcat-embed-websocket/10.1.33/tomcat-embed-websocket-10.1.33.jar:/home/alexj/.m2/repository/org/springframework/spring-web/6.2.0/spring-web-6.2.0.jar:/home/alexj/.m2/repository/org/springframework/spring-beans/6.2.0/spring-beans-6.2.0.jar:/home/alexj/.m2/repository/org/springframework/spring-webmvc/6.2.0/spring-webmvc-6.2.0.jar:/home/alexj/.m2/repository/org/springframework/spring-context/6.2.0/spring-context-6.2.0.jar:/home/alexj/.m2/repository/org/springframework/spring-expression/6.2.0/spring-expression-6.2.0.jar:/home/alexj/.m2/repository/org/springframework/boot/spring-boot-starter-security/3.4.0/spring-boot-starter-security-3.4.0.jar:/home/alexj/.m2/repository/org/springframework/spring-aop/6.2.0/spring-aop-6.2.0.jar:/home/alexj/.m2/repository/org/springframework/security/spring-security-config/6.4.1/spring-security-config-6.4.1.jar:/home/alexj/.m2/repository/org/springframework/security/spring-security-web/6.4.1/spring-security-web-6.4.1.jar:/home/alexj/.m2/repository/org/thymeleaf/extras/thymeleaf-extras-springsecurity6/3.1.2.RELEASE/thymeleaf-extras-springsecurity6-3.1.2.RELEASE.jar:/home/alexj/.m2/repository/org/slf4j/slf4j-api/2.0.16/slf4j-api-2.0.16.jar:/home/alexj/.m2/repository/org/springframework/boot/spring-boot-starter-validation/3.4.0/spring-boot-starter-validation-3.4.0.jar:/home/alexj/.m2/repository/org/apache/tomcat/embed/tomcat-embed-el/10.1.33/tomcat-embed-el-10.1.33.jar:/home/alexj/.m2/repository/org/springframework/boot/spring-boot-devtools/3.4.0/spring-boot-devtools-3.4.0.jar:/home/alexj/.m2/repository/org/springframework/boot/spring-boot/3.4.0/spring-boot-3.4.0.jar:/home/alexj/.m2/repository/org/springframework/boot/spring-boot-autoconfigure/3.4.0/spring-boot-autoconfigure-3.4.0.jar:/home/alexj/.m2/repository/org/springframework/boot/spring-boot-starter-data-jpa/3.4.0/spring-boot-starter-data-jpa-3.4.0.jar:/home/alexj/.m2/repository/org/springframework/boot/spring-boot-starter-jdbc/3.4.0/spring-boot-starter-jdbc-3.4.0.jar:/home/alexj/.m2/repository/com/zaxxer/HikariCP/5.1.0/HikariCP-5.1.0.jar:/home/alexj/.m2/repository/org/springframework/spring-jdbc/6.2.0/spring-jdbc-6.2.0.jar:/home/alexj/.m2/repository/org/hibernate/orm/hibernate-core/6.6.2.Final/hibernate-core-6.6.2.Final.jar:/home/alexj/.m2/repository/jakarta/transaction/jakarta.transaction-api/2.0.1/jakarta.transaction-api-2.0.1.jar:/home/alexj/.m2/repository/org/hibernate/common/hibernate-commons-annotations/7.0.3.Final/hibernate-commons-annotations-7.0.3.Final.jar:/home/alexj/.m2/repository/io/smallrye/jandex/3.2.0/jandex-3.2.0.jar:/home/alexj/.m2/repository/org/glassfish/jaxb/jaxb-runtime/4.0.5/jaxb-runtime-4.0.5.jar:/home/alexj/.m2/repository/org/glassfish/jaxb/jaxb-core/4.0.5/jaxb-core-4.0.5.jar:/home/alexj/.m2/repository/org/eclipse/angus/angus-activation/2.0.2/angus-activation-2.0.2.jar:/home/alexj/.m2/repository/org/glassfish/jaxb/txw2/4.0.5/txw2-4.0.5.jar:/home/alexj/.m2/repository/com/sun/istack/istack-commons-runtime/4.1.2/istack-commons-runtime-4.1.2.jar:/home/alexj/.m2/repository/jakarta/inject/jakarta.inject-api/2.0.1/jakarta.inject-api-2.0.1.jar:/home/alexj/.m2/repository/org/antlr/antlr4-runtime/4.13.0/antlr4-runtime-4.13.0.jar:/home/alexj/.m2/repository/org/springframework/data/spring-data-jpa/3.4.0/spring-data-jpa-3.4.0.jar:/home/alexj/.m2/repository/org/springframework/data/spring-data-commons/3.4.0/spring-data-commons-3.4.0.jar:/home/alexj/.m2/repository/org/springframework/spring-orm/6.2.0/spring-orm-6.2.0.jar:/home/alexj/.m2/repository/org/springframework/spring-tx/6.2.0/spring-tx-6.2.0.jar:/home/alexj/.m2/repository/org/springframework/spring-aspects/6.2.0/spring-aspects-6.2.0.jar:/home/alexj/.m2/repository/org/aspectj/aspectjweaver/1.9.22.1/aspectjweaver-1.9.22.1.jar:/home/alexj/.m2/repository/org/postgresql/postgresql/42.7.4/postgresql-42.7.4.jar:/home/alexj/.m2/repository/org/checkerframework/checker-qual/3.42.0/checker-qual-3.42.0.jar:/home/alexj/.m2/repository/org/projectlombok/lombok/1.18.36/lombok-1.18.36.jar:/home/alexj/.m2/repository/jakarta/validation/jakarta.validation-api/3.0.2/jakarta.validation-api-3.0.2.jar:/home/alexj/.m2/repository/org/hibernate/validator/hibernate-validator/7.0.5.Final/hibernate-validator-7.0.5.Final.jar:/home/alexj/.m2/repository/org/jboss/logging/jboss-logging/3.6.1.Final/jboss-logging-3.6.1.Final.jar:/home/alexj/.m2/repository/com/fasterxml/classmate/1.7.0/classmate-1.7.0.jar:/home/alexj/.m2/repository/jakarta/persistence/jakarta.persistence-api/3.1.0/jakarta.persistence-api-3.1.0.jar:/home/alexj/.m2/repository/com/h2database/h2/2.3.232/h2-2.3.232.jar:/home/alexj/.m2/repository/org/apache/tika/tika-core/2.9.0/tika-core-2.9.0.jar:/home/alexj/.m2/repository/commons-io/commons-io/2.13.0/commons-io-2.13.0.jar:/home/alexj/.m2/repository/org/springframework/boot/spring-boot-starter-test/3.4.0/spring-boot-starter-test-3.4.0.jar:/home/alexj/.m2/repository/org/springframework/boot/spring-boot-test/3.4.0/spring-boot-test-3.4.0.jar:/home/alexj/.m2/repository/org/springframework/boot/spring-boot-test-autoconfigure/3.4.0/spring-boot-test-autoconfigure-3.4.0.jar:/home/alexj/.m2/repository/com/jayway/jsonpath/json-path/2.9.0/json-path-2.9.0.jar:/home/alexj/.m2/repository/jakarta/xml/bind/jakarta.xml.bind-api/4.0.2/jakarta.xml.bind-api-4.0.2.jar:/home/alexj/.m2/repository/jakarta/activation/jakarta.activation-api/2.1.3/jakarta.activation-api-2.1.3.jar:/home/alexj/.m2/repository/net/minidev/json-smart/2.5.1/json-smart-2.5.1.jar:/home/alexj/.m2/repository/net/minidev/accessors-smart/2.5.1/accessors-smart-2.5.1.jar:/home/alexj/.m2/repository/org/ow2/asm/asm/9.6/asm-9.6.jar:/home/alexj/.m2/repository/org/assertj/assertj-core/3.26.3/assertj-core-3.26.3.jar:/home/alexj/.m2/repository/org/awaitility/awaitility/4.2.2/awaitility-4.2.2.jar:/home/alexj/.m2/repository/org/hamcrest/hamcrest/2.2/hamcrest-2.2.jar:/home/alexj/.m2/repository/org/junit/jupiter/junit-jupiter/5.11.3/junit-jupiter-5.11.3.jar:/home/alexj/.m2/repository/org/junit/jupiter/junit-jupiter-api/5.11.3/junit-jupiter-api-5.11.3.jar:/home/alexj/.m2/repository/org/opentest4j/opentest4j/1.3.0/opentest4j-1.3.0.jar:/home/alexj/.m2/repository/org/junit/platform/junit-platform-commons/1.11.3/junit-platform-commons-1.11.3.jar:/home/alexj/.m2/repository/org/apiguardian/apiguardian-api/1.1.2/apiguardian-api-1.1.2.jar:/home/alexj/.m2/repository/org/junit/jupiter/junit-jupiter-params/5.11.3/junit-jupiter-params-5.11.3.jar:/home/alexj/.m2/repository/org/junit/jupiter/junit-jupiter-engine/5.11.3/junit-jupiter-engine-5.11.3.jar:/home/alexj/.m2/repository/org/junit/platform/junit-platform-engine/1.11.3/junit-platform-engine-1.11.3.jar:/home/alexj/.m2/repository/org/mockito/mockito-junit-jupiter/5.14.2/mockito-junit-jupiter-5.14.2.jar:/home/alexj/.m2/repository/org/skyscreamer/jsonassert/1.5.3/jsonassert-1.5.3.jar:/home/alexj/.m2/repository/com/vaadin/external/google/android-json/0.0.20131108.vaadin1/android-json-0.0.20131108.vaadin1.jar:/home/alexj/.m2/repository/org/springframework/spring-core/6.2.0/spring-core-6.2.0.jar:/home/alexj/.m2/repository/org/springframework/spring-jcl/6.2.0/spring-jcl-6.2.0.jar:/home/alexj/.m2/repository/org/springframework/spring-test/6.2.0/spring-test-6.2.0.jar:/home/alexj/.m2/repository/org/xmlunit/xmlunit-core/2.10.0/xmlunit-core-2.10.0.jar:/home/alexj/.m2/repository/org/mockito/mockito-core/5.2.0/mockito-core-5.2.0.jar:/home/alexj/.m2/repository/net/bytebuddy/byte-buddy/1.15.10/byte-buddy-1.15.10.jar:/home/alexj/.m2/repository/net/bytebuddy/byte-buddy-agent/1.15.10/byte-buddy-agent-1.15.10.jar:/home/alexj/.m2/repository/org/objenesis/objenesis/3.3/objenesis-3.3.jar:/home/alexj/.m2/repository/org/mockito/mockito-inline/5.2.0/mockito-inline-5.2.0.jar:/home/alexj/.m2/repository/org/springframework/security/spring-security-test/6.4.1/spring-security-test-6.4.1.jar:/home/alexj/.m2/repository/org/springframework/security/spring-security-core/6.4.1/spring-security-core-6.4.1.jar:/home/alexj/.m2/repository/org/springframework/security/spring-security-crypto/6.4.1/spring-security-crypto-6.4.1.jar:/home/alexj/.m2/repository/org/springdoc/springdoc-openapi-starter-webmvc-ui/2.1.0/springdoc-openapi-starter-webmvc-ui-2.1.0.jar:/home/alexj/.m2/repository/org/springdoc/springdoc-openapi-starter-webmvc-api/2.1.0/springdoc-openapi-starter-webmvc-api-2.1.0.jar:/home/alexj/.m2/repository/org/springdoc/springdoc-openapi-starter-common/2.1.0/springdoc-openapi-starter-common-2.1.0.jar:/home/alexj/.m2/repository/io/swagger/core/v3/swagger-core-jakarta/2.2.9/swagger-core-jakarta-2.2.9.jar:/home/alexj/.m2/repository/org/apache/commons/commons-lang3/3.17.0/commons-lang3-3.17.0.jar:/home/alexj/.m2/repository/io/swagger/core/v3/swagger-annotations-jakarta/2.2.9/swagger-annotations-jakarta-2.2.9.jar:/home/alexj/.m2/repository/io/swagger/core/v3/swagger-models-jakarta/2.2.9/swagger-models-jakarta-2.2.9.jar:/home/alexj/.m2/repository/com/fasterxml/jackson/dataformat/jackson-dataformat-yaml/2.18.1/jackson-dataformat-yaml-2.18.1.jar:/home/alexj/.m2/repository/org/webjars/swagger-ui/4.18.2/swagger-ui-4.18.2.jar:/home/alexj/.m2/repository/io/jsonwebtoken/jjwt-api/0.11.5/jjwt-api-0.11.5.jar:/home/alexj/.m2/repository/io/jsonwebtoken/jjwt-impl/0.11.5/jjwt-impl-0.11.5.jar:/home/alexj/.m2/repository/io/jsonwebtoken/jjwt-jackson/0.11.5/jjwt-jackson-0.11.5.jar:/home/alexj/.m2/repository/com/fasterxml/jackson/core/jackson-databind/2.18.1/jackson-databind-2.18.1.jar:/home/alexj/.m2/repository/com/fasterxml/jackson/core/jackson-annotations/2.18.1/jackson-annotations-2.18.1.jar:/home/alexj/.m2/repository/com/fasterxml/jackson/core/jackson-core/2.18.1/jackson-core-2.18.1.jar:/home/alexj/.m2/repository/org/springframework/boot/spring-boot-starter-data-rest/3.4.0/spring-boot-starter-data-rest-3.4.0.jar:/home/alexj/.m2/repository/org/springframework/data/spring-data-rest-webmvc/4.4.0/spring-data-rest-webmvc-4.4.0.jar:/home/alexj/.m2/repository/org/springframework/data/spring-data-rest-core/4.4.0/spring-data-rest-core-4.4.0.jar:/home/alexj/.m2/repository/org/springframework/hateoas/spring-hateoas/2.4.0/spring-hateoas-2.4.0.jar:/home/alexj/.m2/repository/org/springframework/plugin/spring-plugin-core/3.0.0/spring-plugin-core-3.0.0.jar:/home/alexj/.m2/repository/org/atteo/evo-inflector/1.3/evo-inflector-1.3.jar:/home/alexj/.m2/repository/org/springframework/boot/spring-boot-starter-actuator/3.4.0/spring-boot-starter-actuator-3.4.0.jar:/home/alexj/.m2/repository/org/springframework/boot/spring-boot-actuator-autoconfigure/3.4.0/spring-boot-actuator-autoconfigure-3.4.0.jar:/home/alexj/.m2/repository/org/springframework/boot/spring-boot-actuator/3.4.0/spring-boot-actuator-3.4.0.jar:/home/alexj/.m2/repository/io/micrometer/micrometer-observation/1.14.1/micrometer-observation-1.14.1.jar:/home/alexj/.m2/repository/io/micrometer/micrometer-commons/1.14.1/micrometer-commons-1.14.1.jar:/home/alexj/.m2/repository/io/micrometer/micrometer-jakarta9/1.14.1/micrometer-jakarta9-1.14.1.jar:/home/alexj/.m2/repository/io/micrometer/micrometer-core/1.14.1/micrometer-core-1.14.1.jar:/home/alexj/.m2/repository/org/hdrhistogram/HdrHistogram/2.2.2/HdrHistogram-2.2.2.jar:/home/alexj/.m2/repository/org/latencyutils/LatencyUtils/2.0.3/LatencyUtils-2.0.3.jar:"/>
    <property name="java.vm.vendor" value="Ubuntu"/>
    <property name="sun.arch.data.model" value="64"/>
    <property name="java.vendor.url" value="https://ubuntu.com/"/>
    <property name="user.timezone" value="Europe/Athens"/>
    <property name="org.jboss.logging.provider" value="slf4j"/>
    <property name="os.name" value="Linux"/>
    <property name="java.vm.specification.version" value="21"/>
    <property name="APPLICATION_NAME" value="housingsystem"/>
    <property name="sun.java.launcher" value="SUN_STANDARD"/>
    <property name="user.country" value="US"/>
    <property name="sun.boot.library.path" value="/usr/lib/jvm/java-21-openjdk-amd64/lib"/>
    <property name="sun.java.command" value="/home/alexj/Desktop/housingsystem/target/surefire/surefirebooter-20241229114431714_3.jar /home/alexj/Desktop/housingsystem/target/surefire 2024-12-29T11-44-31_647-jvmRun1 surefire-20241229114431714_1tmp surefire_0-20241229114431714_2tmp"/>
    <property name="jdk.debug" value="release"/>
    <property name="surefire.test.class.path" value="/home/alexj/Desktop/housingsystem/target/test-classes:/home/alexj/Desktop/housingsystem/target/classes:/home/alexj/.m2/repository/org/springframework/boot/spring-boot-starter-thymeleaf/3.4.0/spring-boot-starter-thymeleaf-3.4.0.jar:/home/alexj/.m2/repository/org/springframework/boot/spring-boot-starter/3.4.0/spring-boot-starter-3.4.0.jar:/home/alexj/.m2/repository/org/springframework/boot/spring-boot-starter-logging/3.4.0/spring-boot-starter-logging-3.4.0.jar:/home/alexj/.m2/repository/ch/qos/logback/logback-classic/1.5.12/logback-classic-1.5.12.jar:/home/alexj/.m2/repository/ch/qos/logback/logback-core/1.5.12/logback-core-1.5.12.jar:/home/alexj/.m2/repository/org/apache/logging/log4j/log4j-to-slf4j/2.24.1/log4j-to-slf4j-2.24.1.jar:/home/alexj/.m2/repository/org/apache/logging/log4j/log4j-api/2.24.1/log4j-api-2.24.1.jar:/home/alexj/.m2/repository/org/slf4j/jul-to-slf4j/2.0.16/jul-to-slf4j-2.0.16.jar:/home/alexj/.m2/repository/jakarta/annotation/jakarta.annotation-api/2.1.1/jakarta.annotation-api-2.1.1.jar:/home/alexj/.m2/repository/org/yaml/snakeyaml/2.3/snakeyaml-2.3.jar:/home/alexj/.m2/repository/org/thymeleaf/thymeleaf-spring6/3.1.2.RELEASE/thymeleaf-spring6-3.1.2.RELEASE.jar:/home/alexj/.m2/repository/org/thymeleaf/thymeleaf/3.1.2.RELEASE/thymeleaf-3.1.2.RELEASE.jar:/home/alexj/.m2/repository/org/attoparser/attoparser/2.0.7.RELEASE/attoparser-2.0.7.RELEASE.jar:/home/alexj/.m2/repository/org/unbescape/unbescape/1.1.6.RELEASE/unbescape-1.1.6.RELEASE.jar:/home/alexj/.m2/repository/org/springframework/boot/spring-boot-starter-web/3.4.0/spring-boot-starter-web-3.4.0.jar:/home/alexj/.m2/repository/org/springframework/boot/spring-boot-starter-json/3.4.0/spring-boot-starter-json-3.4.0.jar:/home/alexj/.m2/repository/com/fasterxml/jackson/datatype/jackson-datatype-jdk8/2.18.1/jackson-datatype-jdk8-2.18.1.jar:/home/alexj/.m2/repository/com/fasterxml/jackson/datatype/jackson-datatype-jsr310/2.18.1/jackson-datatype-jsr310-2.18.1.jar:/home/alexj/.m2/repository/com/fasterxml/jackson/module/jackson-module-parameter-names/2.18.1/jackson-module-parameter-names-2.18.1.jar:/home/alexj/.m2/repository/org/springframework/boot/spring-boot-starter-tomcat/3.4.0/spring-boot-starter-tomcat-3.4.0.jar:/home/alexj/.m2/repository/org/apache/tomcat/embed/tomcat-embed-core/10.1.33/tomcat-embed-core-10.1.33.jar:/home/alexj/.m2/repository/org/apache/tomcat/embed/tomcat-embed-websocket/10.1.33/tomcat-embed-websocket-10.1.33.jar:/home/alexj/.m2/repository/org/springframework/spring-web/6.2.0/spring-web-6.2.0.jar:/home/alexj/.m2/repository/org/springframework/spring-beans/6.2.0/spring-beans-6.2.0.jar:/home/alexj/.m2/repository/org/springframework/spring-webmvc/6.2.0/spring-webmvc-6.2.0.jar:/home/alexj/.m2/repository/org/springframework/spring-context/6.2.0/spring-context-6.2.0.jar:/home/alexj/.m2/repository/org/springframework/spring-expression/6.2.0/spring-expression-6.2.0.jar:/home/alexj/.m2/repository/org/springframework/boot/spring-boot-starter-security/3.4.0/spring-boot-starter-security-3.4.0.jar:/home/alexj/.m2/repository/org/springframework/spring-aop/6.2.0/spring-aop-6.2.0.jar:/home/alexj/.m2/repository/org/springframework/security/spring-security-config/6.4.1/spring-security-config-6.4.1.jar:/home/alexj/.m2/repository/org/springframework/security/spring-security-web/6.4.1/spring-security-web-6.4.1.jar:/home/alexj/.m2/repository/org/thymeleaf/extras/thymeleaf-extras-springsecurity6/3.1.2.RELEASE/thymeleaf-extras-springsecurity6-3.1.2.RELEASE.jar:/home/alexj/.m2/repository/org/slf4j/slf4j-api/2.0.16/slf4j-api-2.0.16.jar:/home/alexj/.m2/repository/org/springframework/boot/spring-boot-starter-validation/3.4.0/spring-boot-starter-validation-3.4.0.jar:/home/alexj/.m2/repository/org/apache/tomcat/embed/tomcat-embed-el/10.1.33/tomcat-embed-el-10.1.33.jar:/home/alexj/.m2/repository/org/springframework/boot/spring-boot-devtools/3.4.0/spring-boot-devtools-3.4.0.jar:/home/alexj/.m2/repository/org/springframework/boot/spring-boot/3.4.0/spring-boot-3.4.0.jar:/home/alexj/.m2/repository/org/springframework/boot/spring-boot-autoconfigure/3.4.0/spring-boot-autoconfigure-3.4.0.jar:/home/alexj/.m2/repository/org/springframework/boot/spring-boot-starter-data-jpa/3.4.0/spring-boot-starter-data-jpa-3.4.0.jar:/home/alexj/.m2/repository/org/springframework/boot/spring-boot-starter-jdbc/3.4.0/spring-boot-starter-jdbc-3.4.0.jar:/home/alexj/.m2/repository/com/zaxxer/HikariCP/5.1.0/HikariCP-5.1.0.jar:/home/alexj/.m2/repository/org/springframework/spring-jdbc/6.2.0/spring-jdbc-6.2.0.jar:/home/alexj/.m2/repository/org/hibernate/orm/hibernate-core/6.6.2.Final/hibernate-core-6.6.2.Final.jar:/home/alexj/.m2/repository/jakarta/transaction/jakarta.transaction-api/2.0.1/jakarta.transaction-api-2.0.1.jar:/home/alexj/.m2/repository/org/hibernate/common/hibernate-commons-annotations/7.0.3.Final/hibernate-commons-annotations-7.0.3.Final.jar:/home/alexj/.m2/repository/io/smallrye/jandex/3.2.0/jandex-3.2.0.jar:/home/alexj/.m2/repository/org/glassfish/jaxb/jaxb-runtime/4.0.5/jaxb-runtime-4.0.5.jar:/home/alexj/.m2/repository/org/glassfish/jaxb/jaxb-core/4.0.5/jaxb-core-4.0.5.jar:/home/alexj/.m2/repository/org/eclipse/angus/angus-activation/2.0.2/angus-activation-2.0.2.jar:/home/alexj/.m2/repository/org/glassfish/jaxb/txw2/4.0.5/txw2-4.0.5.jar:/home/alexj/.m2/repository/com/sun/istack/istack-commons-runtime/4.1.2/istack-commons-runtime-4.1.2.jar:/home/alexj/.m2/repository/jakarta/inject/jakarta.inject-api/2.0.1/jakarta.inject-api-2.0.1.jar:/home/alexj/.m2/repository/org/antlr/antlr4-runtime/4.13.0/antlr4-runtime-4.13.0.jar:/home/alexj/.m2/repository/org/springframework/data/spring-data-jpa/3.4.0/spring-data-jpa-3.4.0.jar:/home/alexj/.m2/repository/org/springframework/data/spring-data-commons/3.4.0/spring-data-commons-3.4.0.jar:/home/alexj/.m2/repository/org/springframework/spring-orm/6.2.0/spring-orm-6.2.0.jar:/home/alexj/.m2/repository/org/springframework/spring-tx/6.2.0/spring-tx-6.2.0.jar:/home/alexj/.m2/repository/org/springframework/spring-aspects/6.2.0/spring-aspects-6.2.0.jar:/home/alexj/.m2/repository/org/aspectj/aspectjweaver/1.9.22.1/aspectjweaver-1.9.22.1.jar:/home/alexj/.m2/repository/org/postgresql/postgresql/42.7.4/postgresql-42.7.4.jar:/home/alexj/.m2/repository/org/checkerframework/checker-qual/3.42.0/checker-qual-3.42.0.jar:/home/alexj/.m2/repository/org/projectlombok/lombok/1.18.36/lombok-1.18.36.jar:/home/alexj/.m2/repository/jakarta/validation/jakarta.validation-api/3.0.2/jakarta.validation-api-3.0.2.jar:/home/alexj/.m2/repository/org/hibernate/validator/hibernate-validator/7.0.5.Final/hibernate-validator-7.0.5.Final.jar:/home/alexj/.m2/repository/org/jboss/logging/jboss-logging/3.6.1.Final/jboss-logging-3.6.1.Final.jar:/home/alexj/.m2/repository/com/fasterxml/classmate/1.7.0/classmate-1.7.0.jar:/home/alexj/.m2/repository/jakarta/persistence/jakarta.persistence-api/3.1.0/jakarta.persistence-api-3.1.0.jar:/home/alexj/.m2/repository/com/h2database/h2/2.3.232/h2-2.3.232.jar:/home/alexj/.m2/repository/org/apache/tika/tika-core/2.9.0/tika-core-2.9.0.jar:/home/alexj/.m2/repository/commons-io/commons-io/2.13.0/commons-io-2.13.0.jar:/home/alexj/.m2/repository/org/springframework/boot/spring-boot-starter-test/3.4.0/spring-boot-starter-test-3.4.0.jar:/home/alexj/.m2/repository/org/springframework/boot/spring-boot-test/3.4.0/spring-boot-test-3.4.0.jar:/home/alexj/.m2/repository/org/springframework/boot/spring-boot-test-autoconfigure/3.4.0/spring-boot-test-autoconfigure-3.4.0.jar:/home/alexj/.m2/repository/com/jayway/jsonpath/json-path/2.9.0/json-path-2.9.0.jar:/home/alexj/.m2/repository/jakarta/xml/bind/jakarta.xml.bind-api/4.0.2/jakarta.xml.bind-api-4.0.2.jar:/home/alexj/.m2/repository/jakarta/activation/jakarta.activation-api/2.1.3/jakarta.activation-api-2.1.3.jar:/home/alexj/.m2/repository/net/minidev/json-smart/2.5.1/json-smart-2.5.1.jar:/home/alexj/.m2/repository/net/minidev/accessors-smart/2.5.1/accessors-smart-2.5.1.jar:/home/alexj/.m2/repository/org/ow2/asm/asm/9.6/asm-9.6.jar:/home/alexj/.m2/repository/org/assertj/assertj-core/3.26.3/assertj-core-3.26.3.jar:/home/alexj/.m2/repository/org/awaitility/awaitility/4.2.2/awaitility-4.2.2.jar:/home/alexj/.m2/repository/org/hamcrest/hamcrest/2.2/hamcrest-2.2.jar:/home/alexj/.m2/repository/org/junit/jupiter/junit-jupiter/5.11.3/junit-jupiter-5.11.3.jar:/home/alexj/.m2/repository/org/junit/jupiter/junit-jupiter-api/5.11.3/junit-jupiter-api-5.11.3.jar:/home/alexj/.m2/repository/org/opentest4j/opentest4j/1.3.0/opentest4j-1.3.0.jar:/home/alexj/.m2/repository/org/junit/platform/junit-platform-commons/1.11.3/junit-platform-commons-1.11.3.jar:/home/alexj/.m2/repository/org/apiguardian/apiguardian-api/1.1.2/apiguardian-api-1.1.2.jar:/home/alexj/.m2/repository/org/junit/jupiter/junit-jupiter-params/5.11.3/junit-jupiter-params-5.11.3.jar:/home/alexj/.m2/repository/org/junit/jupiter/junit-jupiter-engine/5.11.3/junit-jupiter-engine-5.11.3.jar:/home/alexj/.m2/repository/org/junit/platform/junit-platform-engine/1.11.3/junit-platform-engine-1.11.3.jar:/home/alexj/.m2/repository/org/mockito/mockito-junit-jupiter/5.14.2/mockito-junit-jupiter-5.14.2.jar:/home/alexj/.m2/repository/org/skyscreamer/jsonassert/1.5.3/jsonassert-1.5.3.jar:/home/alexj/.m2/repository/com/vaadin/external/google/android-json/0.0.20131108.vaadin1/android-json-0.0.20131108.vaadin1.jar:/home/alexj/.m2/repository/org/springframework/spring-core/6.2.0/spring-core-6.2.0.jar:/home/alexj/.m2/repository/org/springframework/spring-jcl/6.2.0/spring-jcl-6.2.0.jar:/home/alexj/.m2/repository/org/springframework/spring-test/6.2.0/spring-test-6.2.0.jar:/home/alexj/.m2/repository/org/xmlunit/xmlunit-core/2.10.0/xmlunit-core-2.10.0.jar:/home/alexj/.m2/repository/org/mockito/mockito-core/5.2.0/mockito-core-5.2.0.jar:/home/alexj/.m2/repository/net/bytebuddy/byte-buddy/1.15.10/byte-buddy-1.15.10.jar:/home/alexj/.m2/repository/net/bytebuddy/byte-buddy-agent/1.15.10/byte-buddy-agent-1.15.10.jar:/home/alexj/.m2/repository/org/objenesis/objenesis/3.3/objenesis-3.3.jar:/home/alexj/.m2/repository/org/mockito/mockito-inline/5.2.0/mockito-inline-5.2.0.jar:/home/alexj/.m2/repository/org/springframework/security/spring-security-test/6.4.1/spring-security-test-6.4.1.jar:/home/alexj/.m2/repository/org/springframework/security/spring-security-core/6.4.1/spring-security-core-6.4.1.jar:/home/alexj/.m2/repository/org/springframework/security/spring-security-crypto/6.4.1/spring-security-crypto-6.4.1.jar:/home/alexj/.m2/repository/org/springdoc/springdoc-openapi-starter-webmvc-ui/2.1.0/springdoc-openapi-starter-webmvc-ui-2.1.0.jar:/home/alexj/.m2/repository/org/springdoc/springdoc-openapi-starter-webmvc-api/2.1.0/springdoc-openapi-starter-webmvc-api-2.1.0.jar:/home/alexj/.m2/repository/org/springdoc/springdoc-openapi-starter-common/2.1.0/springdoc-openapi-starter-common-2.1.0.jar:/home/alexj/.m2/repository/io/swagger/core/v3/swagger-core-jakarta/2.2.9/swagger-core-jakarta-2.2.9.jar:/home/alexj/.m2/repository/org/apache/commons/commons-lang3/3.17.0/commons-lang3-3.17.0.jar:/home/alexj/.m2/repository/io/swagger/core/v3/swagger-annotations-jakarta/2.2.9/swagger-annotations-jakarta-2.2.9.jar:/home/alexj/.m2/repository/io/swagger/core/v3/swagger-models-jakarta/2.2.9/swagger-models-jakarta-2.2.9.jar:/home/alexj/.m2/repository/com/fasterxml/jackson/dataformat/jackson-dataformat-yaml/2.18.1/jackson-dataformat-yaml-2.18.1.jar:/home/alexj/.m2/repository/org/webjars/swagger-ui/4.18.2/swagger-ui-4.18.2.jar:/home/alexj/.m2/repository/io/jsonwebtoken/jjwt-api/0.11.5/jjwt-api-0.11.5.jar:/home/alexj/.m2/repository/io/jsonwebtoken/jjwt-impl/0.11.5/jjwt-impl-0.11.5.jar:/home/alexj/.m2/repository/io/jsonwebtoken/jjwt-jackson/0.11.5/jjwt-jackson-0.11.5.jar:/home/alexj/.m2/repository/com/fasterxml/jackson/core/jackson-databind/2.18.1/jackson-databind-2.18.1.jar:/home/alexj/.m2/repository/com/fasterxml/jackson/core/jackson-annotations/2.18.1/jackson-annotations-2.18.1.jar:/home/alexj/.m2/repository/com/fasterxml/jackson/core/jackson-core/2.18.1/jackson-core-2.18.1.jar:/home/alexj/.m2/repository/org/springframework/boot/spring-boot-starter-data-rest/3.4.0/spring-boot-starter-data-rest-3.4.0.jar:/home/alexj/.m2/repository/org/springframework/data/spring-data-rest-webmvc/4.4.0/spring-data-rest-webmvc-4.4.0.jar:/home/alexj/.m2/repository/org/springframework/data/spring-data-rest-core/4.4.0/spring-data-rest-core-4.4.0.jar:/home/alexj/.m2/repository/org/springframework/hateoas/spring-hateoas/2.4.0/spring-hateoas-2.4.0.jar:/home/alexj/.m2/repository/org/springframework/plugin/spring-plugin-core/3.0.0/spring-plugin-core-3.0.0.jar:/home/alexj/.m2/repository/org/atteo/evo-inflector/1.3/evo-inflector-1.3.jar:/home/alexj/.m2/repository/org/springframework/boot/spring-boot-starter-actuator/3.4.0/spring-boot-starter-actuator-3.4.0.jar:/home/alexj/.m2/repository/org/springframework/boot/spring-boot-actuator-autoconfigure/3.4.0/spring-boot-actuator-autoconfigure-3.4.0.jar:/home/alexj/.m2/repository/org/springframework/boot/spring-boot-actuator/3.4.0/spring-boot-actuator-3.4.0.jar:/home/alexj/.m2/repository/io/micrometer/micrometer-observation/1.14.1/micrometer-observation-1.14.1.jar:/home/alexj/.m2/repository/io/micrometer/micrometer-commons/1.14.1/micrometer-commons-1.14.1.jar:/home/alexj/.m2/repository/io/micrometer/micrometer-jakarta9/1.14.1/micrometer-jakarta9-1.14.1.jar:/home/alexj/.m2/repository/io/micrometer/micrometer-core/1.14.1/micrometer-core-1.14.1.jar:/home/alexj/.m2/repository/org/hdrhistogram/HdrHistogram/2.2.2/HdrHistogram-2.2.2.jar:/home/alexj/.m2/repository/org/latencyutils/LatencyUtils/2.0.3/LatencyUtils-2.0.3.jar:"/>
    <property name="sun.cpu.endian" value="little"/>
    <property name="user.home" value="/home/alexj"/>
    <property name="user.language" value="en"/>
    <property name="java.specification.vendor" value="Oracle Corporation"/>
    <property name="java.version.date" value="2024-10-15"/>
    <property name="java.home" value="/usr/lib/jvm/java-21-openjdk-amd64"/>
    <property name="file.separator" value="/"/>
    <property name="basedir" value="/home/alexj/Desktop/housingsystem"/>
    <property name="java.vm.compressedOopsMode" value="Zero based"/>
    <property name="line.separator" value="&#10;"/>
    <property name="java.specification.name" value="Java Platform API Specification"/>
    <property name="java.vm.specification.vendor" value="Oracle Corporation"/>
    <property name="FILE_LOG_CHARSET" value="UTF-8"/>
    <property name="java.awt.headless" value="true"/>
    <property name="surefire.real.class.path" value="/home/alexj/Desktop/housingsystem/target/surefire/surefirebooter-20241229114431714_3.jar"/>
    <property name="sun.management.compiler" value="HotSpot 64-Bit Tiered Compilers"/>
    <property name="java.runtime.version" value="21.0.5+11-Ubuntu-1ubuntu122.04"/>
    <property name="user.name" value="alexj"/>
    <property name="stdout.encoding" value="UTF-8"/>
    <property name="path.separator" value=":"/>
    <property name="os.version" value="6.8.0-50-generic"/>
    <property name="java.runtime.name" value="OpenJDK Runtime Environment"/>
    <property name="file.encoding" value="UTF-8"/>
    <property name="java.vm.name" value="OpenJDK 64-Bit Server VM"/>
    <property name="localRepository" value="/home/alexj/.m2/repository"/>
    <property name="java.vendor.url.bug" value="https://bugs.launchpad.net/ubuntu/+source/openjdk-21"/>
    <property name="java.io.tmpdir" value="/tmp"/>
    <property name="com.zaxxer.hikari.pool_number" value="1"/>
    <property name="java.version" value="21.0.5"/>
    <property name="user.dir" value="/home/alexj/Desktop/housingsystem"/>
    <property name="os.arch" value="amd64"/>
    <property name="java.vm.specification.name" value="Java Virtual Machine Specification"/>
    <property name="PID" value="56227"/>
    <property name="CONSOLE_LOG_CHARSET" value="UTF-8"/>
    <property name="native.encoding" value="UTF-8"/>
    <property name="java.library.path" value="/usr/java/packages/lib:/usr/lib/x86_64-linux-gnu/jni:/lib/x86_64-linux-gnu:/usr/lib/x86_64-linux-gnu:/usr/lib/jni:/lib:/usr/lib"/>
    <property name="java.vm.info" value="mixed mode, sharing"/>
    <property name="stderr.encoding" value="UTF-8"/>
    <property name="java.vendor" value="Ubuntu"/>
    <property name="java.vm.version" value="21.0.5+11-Ubuntu-1ubuntu122.04"/>
    <property name="sun.io.unicode.encoding" value="UnicodeLittle"/>
    <property name="java.class.version" value="65.0"/>
    <property name="LOGGED_APPLICATION_NAME" value="[housingsystem] "/>
  </properties>
  <testcase name="testSaveAndFindByStatus" classname="gr.hua.dit.ds.housingsystem.repositories.ViewingRequestRepositoryTest" time="1.247">
    <system-out><![CDATA[2024-12-29T11:44:52.957+02:00 DEBUG 56227 --- [housingsystem] [           main] .b.t.c.SpringBootTestContextBootstrapper : Neither @ContextConfiguration nor @ContextHierarchy found for test class [ViewingRequestRepositoryTest]: using SpringBootContextLoader
2024-12-29T11:44:52.958+02:00 DEBUG 56227 --- [housingsystem] [           main] o.s.t.c.support.AbstractContextLoader    : Could not detect default resource locations for test class [gr.hua.dit.ds.housingsystem.repositories.ViewingRequestRepositoryTest]: no resource found for suffixes {-context.xml, Context.groovy}.
2024-12-29T11:44:52.958+02:00  INFO 56227 --- [housingsystem] [           main] t.c.s.AnnotationConfigContextLoaderUtils : Could not detect default configuration classes for test class [gr.hua.dit.ds.housingsystem.repositories.ViewingRequestRepositoryTest]: ViewingRequestRepositoryTest does not declare any static, non-private, non-final, nested classes annotated with @Configuration.
2024-12-29T11:44:52.958+02:00 DEBUG 56227 --- [housingsystem] [           main] .b.t.c.SpringBootTestContextBootstrapper : Using ContextCustomizerFactory implementations for test class [ViewingRequestRepositoryTest]: [ImportsContextCustomizerFactory, ExcludeFilterContextCustomizerFactory, HttpGraphQlTesterContextCustomizerFactory, DuplicateJsonObjectContextCustomizerFactory, MockitoContextCustomizerFactory, TestRestTemplateContextCustomizerFactory, WebTestClientContextCustomizerFactory, DisableReactorResourceFactoryGlobalResourcesContextCustomizerFactory, OnFailureConditionReportContextCustomizerFactory, OverrideAutoConfigurationContextCustomizerFactory, ObservabilityContextCustomizerFactory, TypeExcludeFiltersContextCustomizerFactory, PropertyMappingContextCustomizerFactory, WebDriverContextCustomizerFactory, BeanOverrideContextCustomizerFactory, MockServerContainerContextCustomizerFactory, DynamicPropertiesContextCustomizerFactory]
2024-12-29T11:44:52.958+02:00 DEBUG 56227 --- [housingsystem] [           main] .b.t.c.SpringBootTestContextBootstrapper : Using ContextCustomizers for test class [ViewingRequestRepositoryTest]: [ExcludeFilterContextCustomizer, DuplicateJsonObjectContextCustomizer, MockitoContextCustomizer, TestRestTemplateContextCustomizer, DisableReactorResourceFactoryGlobalResourcesContextCustomizerCustomizer, OnFailureConditionReportContextCustomizer, DisableObservabilityContextCustomizer, PropertyMappingContextCustomizer, WebDriverContextCustomizer, DynamicPropertiesContextCustomizer]
2024-12-29T11:44:52.958+02:00  INFO 56227 --- [housingsystem] [           main] .b.t.c.SpringBootTestContextBootstrapper : Found @SpringBootConfiguration gr.hua.dit.ds.housingsystem.HousingsystemApplication for test class gr.hua.dit.ds.housingsystem.repositories.ViewingRequestRepositoryTest
2024-12-29T11:44:52.959+02:00 DEBUG 56227 --- [housingsystem] [           main] .s.t.c.u.TestContextSpringFactoriesUtils : Skipping candidate TestExecutionListener [org.springframework.test.context.observation.MicrometerObservationRegistryTestExecutionListener] due to a missing dependency. Specify custom TestExecutionListener classes or make the default TestExecutionListener classes and their required dependencies available. Offending class: io.micrometer.context.ThreadLocalAccessor. MicrometerObservationRegistryTestExecutionListener requires io.micrometer:micrometer-observation:1.10.8 or higher and io.micrometer:context-propagation:1.0.3 or higher.
2024-12-29T11:44:52.959+02:00 DEBUG 56227 --- [housingsystem] [           main] .b.t.c.SpringBootTestContextBootstrapper : Using TestExecutionListeners for test class [ViewingRequestRepositoryTest]: [ServletTestExecutionListener, DirtiesContextBeforeModesTestExecutionListener, ApplicationEventsTestExecutionListener, MockitoTestExecutionListener, BeanOverrideTestExecutionListener, DependencyInjectionTestExecutionListener, DirtiesContextTestExecutionListener, CommonCachesTestExecutionListener, TransactionalTestExecutionListener, SqlScriptsTestExecutionListener, EventPublishingTestExecutionListener, WithSecurityContextTestExecutionListener, ReactorContextTestExecutionListener, ResetMocksTestExecutionListener, RestDocsTestExecutionListener, MockRestServiceServerResetTestExecutionListener, MockMvcPrintOnlyOnFailureTestExecutionListener, WebDriverTestExecutionListener, MockWebServiceServerTestExecutionListener, MockitoResetTestExecutionListener]
2024-12-29T11:44:52.959+02:00 DEBUG 56227 --- [housingsystem] [           main] sContextBeforeModesTestExecutionListener : Before test class: class [ViewingRequestRepositoryTest], class annotated with @DirtiesContext [false] with mode [null]
2024-12-29T11:44:52.959+02:00 DEBUG 56227 --- [housingsystem] [           main] org.springframework.test.context.cache   : Spring test ApplicationContext cache statistics: [DefaultContextCache@671d19c8 size = 1, maxSize = 32, parentContextCount = 0, hitCount = 69, missCount = 1, failureCount = 0]
2024-12-29T11:44:52.960+02:00 DEBUG 56227 --- [housingsystem] [           main] org.springframework.test.context.cache   : Spring test ApplicationContext cache statistics: [DefaultContextCache@671d19c8 size = 1, maxSize = 32, parentContextCount = 0, hitCount = 70, missCount = 1, failureCount = 0]
2024-12-29T11:44:52.960+02:00 DEBUG 56227 --- [housingsystem] [           main] o.s.t.c.w.ServletTestExecutionListener   : Setting up MockHttpServletRequest, MockHttpServletResponse, ServletWebRequest, and RequestContextHolder for test class gr.hua.dit.ds.housingsystem.repositories.ViewingRequestRepositoryTest
2024-12-29T11:44:52.960+02:00 DEBUG 56227 --- [housingsystem] [           main] DependencyInjectionTestExecutionListener : Performing dependency injection for test class gr.hua.dit.ds.housingsystem.repositories.ViewingRequestRepositoryTest
2024-12-29T11:44:52.960+02:00 DEBUG 56227 --- [housingsystem] [           main] org.springframework.test.context.cache   : Spring test ApplicationContext cache statistics: [DefaultContextCache@671d19c8 size = 1, maxSize = 32, parentContextCount = 0, hitCount = 71, missCount = 1, failureCount = 0]
2024-12-29T11:44:52.960+02:00 DEBUG 56227 --- [housingsystem] [           main] org.springframework.test.context.cache   : Spring test ApplicationContext cache statistics: [DefaultContextCache@671d19c8 size = 1, maxSize = 32, parentContextCount = 0, hitCount = 72, missCount = 1, failureCount = 0]
2024-12-29T11:44:52.961+02:00 DEBUG 56227 --- [housingsystem] [           main] sContextBeforeModesTestExecutionListener : Before test method: class [ViewingRequestRepositoryTest], method [testSaveAndFindByStatus], class annotated with @DirtiesContext [false] with mode [null], method annotated with @DirtiesContext [false] with mode [null]
2024-12-29T11:44:52.961+02:00 DEBUG 56227 --- [housingsystem] [           main] t.c.t.TransactionalTestExecutionListener : Explicit transaction definition [PROPAGATION_REQUIRED,ISOLATION_DEFAULT] found for test class [gr.hua.dit.ds.housingsystem.repositories.ViewingRequestRepositoryTest] and test method [testSaveAndFindByStatus]
2024-12-29T11:44:52.961+02:00 DEBUG 56227 --- [housingsystem] [           main] org.springframework.test.context.cache   : Spring test ApplicationContext cache statistics: [DefaultContextCache@671d19c8 size = 1, maxSize = 32, parentContextCount = 0, hitCount = 73, missCount = 1, failureCount = 0]
2024-12-29T11:44:52.961+02:00 DEBUG 56227 --- [housingsystem] [           main] t.c.t.TransactionalTestExecutionListener : No method-level @Rollback override: using default rollback [true] for test method [public void gr.hua.dit.ds.housingsystem.repositories.ViewingRequestRepositoryTest.testSaveAndFindByStatus()]
2024-12-29T11:44:52.961+02:00 DEBUG 56227 --- [housingsystem] [           main] o.s.orm.jpa.JpaTransactionManager        : Creating new transaction with name [gr.hua.dit.ds.housingsystem.repositories.ViewingRequestRepositoryTest.testSaveAndFindByStatus]: PROPAGATION_REQUIRED,ISOLATION_DEFAULT
2024-12-29T11:44:52.961+02:00 DEBUG 56227 --- [housingsystem] [           main] o.s.orm.jpa.JpaTransactionManager        : Opened new EntityManager [SessionImpl(1368519920<open>)] for JPA transaction
2024-12-29T11:44:52.961+02:00 DEBUG 56227 --- [housingsystem] [           main] o.h.e.t.internal.TransactionImpl         : On TransactionImpl creation, JpaCompliance#isJpaTransactionComplianceEnabled == false
2024-12-29T11:44:52.961+02:00 DEBUG 56227 --- [housingsystem] [           main] o.h.e.t.internal.TransactionImpl         : begin
2024-12-29T11:44:52.961+02:00 DEBUG 56227 --- [housingsystem] [           main] o.s.orm.jpa.JpaTransactionManager        : Exposing JPA transaction as JDBC [org.springframework.orm.jpa.vendor.HibernateJpaDialect$HibernateConnectionHandle@6aeec23f]
2024-12-29T11:44:52.961+02:00 DEBUG 56227 --- [housingsystem] [           main] o.s.t.c.transaction.TransactionContext   : Began transaction (1) for test class [gr.hua.dit.ds.housingsystem.repositories.ViewingRequestRepositoryTest]; test method [testSaveAndFindByStatus]; transaction manager [org.springframework.orm.jpa.JpaTransactionManager@11090c52]; rollback [true]
2024-12-29T11:44:52.961+02:00 DEBUG 56227 --- [housingsystem] [           main] org.springframework.test.context.cache   : Spring test ApplicationContext cache statistics: [DefaultContextCache@671d19c8 size = 1, maxSize = 32, parentContextCount = 0, hitCount = 74, missCount = 1, failureCount = 0]
2024-12-29T11:44:52.961+02:00 DEBUG 56227 --- [housingsystem] [           main] org.springframework.test.context.cache   : Spring test ApplicationContext cache statistics: [DefaultContextCache@671d19c8 size = 1, maxSize = 32, parentContextCount = 0, hitCount = 75, missCount = 1, failureCount = 0]
2024-12-29T11:44:52.962+02:00 DEBUG 56227 --- [housingsystem] [           main] org.springframework.test.context.cache   : Spring test ApplicationContext cache statistics: [DefaultContextCache@671d19c8 size = 1, maxSize = 32, parentContextCount = 0, hitCount = 76, missCount = 1, failureCount = 0]
2024-12-29T11:44:52.962+02:00 DEBUG 56227 --- [housingsystem] [           main] org.springframework.test.context.cache   : Spring test ApplicationContext cache statistics: [DefaultContextCache@671d19c8 size = 1, maxSize = 32, parentContextCount = 0, hitCount = 77, missCount = 1, failureCount = 0]
2024-12-29T11:44:52.963+02:00 DEBUG 56227 --- [housingsystem] [           main] o.s.orm.jpa.JpaTransactionManager        : Found thread-bound EntityManager [SessionImpl(1368519920<open>)] for JPA transaction
2024-12-29T11:44:52.963+02:00 DEBUG 56227 --- [housingsystem] [           main] o.s.orm.jpa.JpaTransactionManager        : Participating in existing transaction
2024-12-29T11:44:52.963+02:00 DEBUG 56227 --- [housingsystem] [           main] o.h.j.internal.PersistenceUnitUtilImpl   : jakarta.persistence.PersistenceUnitUtil.getIdentifier is only intended to work with enhanced entities (although Hibernate also adapts this support to its proxies); however the passed entity was not enhanced (nor a proxy).. may not be able to read identifier
2024-12-29T11:44:52.963+02:00 DEBUG 56227 --- [housingsystem] [           main] org.hibernate.engine.spi.ActionQueue     : Executing identity-insert immediately
2024-12-29T11:44:52.963+02:00 DEBUG 56227 --- [housingsystem] [           main] org.hibernate.SQL                        : insert into app_user (afm,approved,email,first_name,id_back_path,id_front_path,last_name,password,phone,role,username) values (?,?,?,?,?,?,?,?,?,?,?)
Hibernate: insert into app_user (afm,approved,email,first_name,id_back_path,id_front_path,last_name,password,phone,role,username) values (?,?,?,?,?,?,?,?,?,?,?)
2024-12-29T11:44:53.163+02:00 DEBUG 56227 --- [housingsystem] [           main] org.hibernate.orm.results                : Initializer list is empty
2024-12-29T11:44:53.163+02:00 DEBUG 56227 --- [housingsystem] [           main] o.h.id.IdentifierGeneratorHelper         : Extracted generated values [gr.hua.dit.ds.housingsystem.entities.model.AppUser]: [Ljava.lang.Object;@17d428b0
2024-12-29T11:44:53.164+02:00 DEBUG 56227 --- [housingsystem] [           main] o.s.orm.jpa.JpaTransactionManager        : Found thread-bound EntityManager [SessionImpl(1368519920<open>)] for JPA transaction
2024-12-29T11:44:53.165+02:00 DEBUG 56227 --- [housingsystem] [           main] o.s.orm.jpa.JpaTransactionManager        : Participating in existing transaction
2024-12-29T11:44:53.165+02:00 DEBUG 56227 --- [housingsystem] [           main] o.h.j.internal.PersistenceUnitUtilImpl   : jakarta.persistence.PersistenceUnitUtil.getIdentifier is only intended to work with enhanced entities (although Hibernate also adapts this support to its proxies); however the passed entity was not enhanced (nor a proxy).. may not be able to read identifier
2024-12-29T11:44:53.165+02:00 DEBUG 56227 --- [housingsystem] [           main] org.hibernate.engine.spi.ActionQueue     : Executing identity-insert immediately
2024-12-29T11:44:53.166+02:00 DEBUG 56227 --- [housingsystem] [           main] org.hibernate.SQL                        : insert into app_user (afm,approved,email,first_name,id_back_path,id_front_path,last_name,password,phone,role,username) values (?,?,?,?,?,?,?,?,?,?,?)
Hibernate: insert into app_user (afm,approved,email,first_name,id_back_path,id_front_path,last_name,password,phone,role,username) values (?,?,?,?,?,?,?,?,?,?,?)
2024-12-29T11:44:53.366+02:00 DEBUG 56227 --- [housingsystem] [           main] org.hibernate.orm.results                : Initializer list is empty
2024-12-29T11:44:53.366+02:00 DEBUG 56227 --- [housingsystem] [           main] o.h.id.IdentifierGeneratorHelper         : Extracted generated values [gr.hua.dit.ds.housingsystem.entities.model.AppUser]: [Ljava.lang.Object;@6e858079
2024-12-29T11:44:53.367+02:00 DEBUG 56227 --- [housingsystem] [           main] o.s.orm.jpa.JpaTransactionManager        : Found thread-bound EntityManager [SessionImpl(1368519920<open>)] for JPA transaction
2024-12-29T11:44:53.367+02:00 DEBUG 56227 --- [housingsystem] [           main] o.s.orm.jpa.JpaTransactionManager        : Participating in existing transaction
2024-12-29T11:44:53.368+02:00 DEBUG 56227 --- [housingsystem] [           main] o.h.j.internal.PersistenceUnitUtilImpl   : jakarta.persistence.PersistenceUnitUtil.getIdentifier is only intended to work with enhanced entities (although Hibernate also adapts this support to its proxies); however the passed entity was not enhanced (nor a proxy).. may not be able to read identifier
2024-12-29T11:44:53.368+02:00 DEBUG 56227 --- [housingsystem] [           main] org.hibernate.engine.spi.ActionQueue     : Executing identity-insert immediately
2024-12-29T11:44:53.370+02:00 DEBUG 56227 --- [housingsystem] [           main] org.hibernate.SQL                        : insert into property (address,approved,area,atak,category,floor,number_of_bathrooms,number_of_rooms,owner_id,price,renovation_year,square_meters) values (?,?,?,?,?,?,?,?,?,?,?,?)
Hibernate: insert into property (address,approved,area,atak,category,floor,number_of_bathrooms,number_of_rooms,owner_id,price,renovation_year,square_meters) values (?,?,?,?,?,?,?,?,?,?,?,?)
2024-12-29T11:44:53.573+02:00 DEBUG 56227 --- [housingsystem] [           main] org.hibernate.orm.results                : Initializer list is empty
2024-12-29T11:44:53.573+02:00 DEBUG 56227 --- [housingsystem] [           main] o.h.id.IdentifierGeneratorHelper         : Extracted generated values [gr.hua.dit.ds.housingsystem.entities.model.Property]: [Ljava.lang.Object;@1469d2e2
2024-12-29T11:44:53.574+02:00 DEBUG 56227 --- [housingsystem] [           main] o.s.orm.jpa.JpaTransactionManager        : Found thread-bound EntityManager [SessionImpl(1368519920<open>)] for JPA transaction
2024-12-29T11:44:53.574+02:00 DEBUG 56227 --- [housingsystem] [           main] o.s.orm.jpa.JpaTransactionManager        : Participating in existing transaction
2024-12-29T11:44:53.575+02:00 DEBUG 56227 --- [housingsystem] [           main] o.h.j.internal.PersistenceUnitUtilImpl   : jakarta.persistence.PersistenceUnitUtil.getIdentifier is only intended to work with enhanced entities (although Hibernate also adapts this support to its proxies); however the passed entity was not enhanced (nor a proxy).. may not be able to read identifier
2024-12-29T11:44:53.575+02:00 DEBUG 56227 --- [housingsystem] [           main] org.hibernate.engine.spi.ActionQueue     : Executing identity-insert immediately
2024-12-29T11:44:53.576+02:00 DEBUG 56227 --- [housingsystem] [           main] org.hibernate.SQL                        : insert into viewing_request (property_id,proposed_time,status,tenant_id) values (?,?,?,?)
Hibernate: insert into viewing_request (property_id,proposed_time,status,tenant_id) values (?,?,?,?)
2024-12-29T11:44:53.788+02:00 DEBUG 56227 --- [housingsystem] [           main] org.hibernate.orm.results                : Initializer list is empty
2024-12-29T11:44:53.788+02:00 DEBUG 56227 --- [housingsystem] [           main] o.h.id.IdentifierGeneratorHelper         : Extracted generated values [gr.hua.dit.ds.housingsystem.entities.model.ViewingRequest]: [Ljava.lang.Object;@131fafba
2024-12-29T11:44:53.792+02:00 DEBUG 56227 --- [housingsystem] [           main] o.h.e.i.AbstractFlushingEventListener    : Processing flush-time cascades
2024-12-29T11:44:53.793+02:00 DEBUG 56227 --- [housingsystem] [           main] o.h.e.i.AbstractFlushingEventListener    : Dirty checking collections
2024-12-29T11:44:53.793+02:00 DEBUG 56227 --- [housingsystem] [           main] org.hibernate.orm.sql.ast.create         : Created new SQL alias : vr1_0
2024-12-29T11:44:53.793+02:00 DEBUG 56227 --- [housingsystem] [           main] org.hibernate.orm.sql.ast.create         : Registration of TableGroup [StandardTableGroup(gr.hua.dit.ds.housingsystem.entities.model.ViewingRequest(46))] with identifierForTableGroup [gr.hua.dit.ds.housingsystem.entities.model.ViewingRequest] for NavigablePath [gr.hua.dit.ds.housingsystem.entities.model.ViewingRequest] 
2024-12-29T11:44:53.794+02:00 DEBUG 56227 --- [housingsystem] [           main] org.hibernate.orm.sql.ast.create         : Registration of TableGroup [org.hibernate.sql.ast.tree.from.LazyTableGroup@4675f5b0] with identifierForTableGroup [gr.hua.dit.ds.housingsystem.entities.model.ViewingRequest(46).property] for NavigablePath [gr.hua.dit.ds.housingsystem.entities.model.ViewingRequest(46).property] 
2024-12-29T11:44:53.794+02:00 DEBUG 56227 --- [housingsystem] [           main] org.hibernate.orm.sql.ast.create         : Registration of TableGroup [org.hibernate.sql.ast.tree.from.LazyTableGroup@3c5c64d6] with identifierForTableGroup [gr.hua.dit.ds.housingsystem.entities.model.ViewingRequest(46).tenant] for NavigablePath [gr.hua.dit.ds.housingsystem.entities.model.ViewingRequest(46).tenant] 
2024-12-29T11:44:53.795+02:00 DEBUG 56227 --- [housingsystem] [           main] o.h.q.sqm.sql.BaseSqmToSqlAstConverter   : Determining mapping-model type for SqmParameter : org.hibernate.query.sqm.tree.expression.SqmJpaCriteriaParameterWrapper@57b7287c
2024-12-29T11:44:53.795+02:00 DEBUG 56227 --- [housingsystem] [           main] o.h.q.sqm.sql.BaseSqmToSqlAstConverter   : Determining mapping-model type for SqmPath : SqmBasicValuedSimplePath(gr.hua.dit.ds.housingsystem.entities.model.ViewingRequest(46).status) 
2024-12-29T11:44:53.796+02:00 DEBUG 56227 --- [housingsystem] [           main] org.hibernate.orm.results.graph.AST      : DomainResult Graph:
 \-EntityResultImpl [gr.hua.dit.ds.housingsystem.entities.model.ViewingRequest(46)]
 |  +-CircularFetchImpl [gr.hua.dit.ds.housingsystem.entities.model.ViewingRequest(46).property]
 |  +-BasicFetch [gr.hua.dit.ds.housingsystem.entities.model.ViewingRequest(46).proposedTime]
 |  +-BasicFetch [gr.hua.dit.ds.housingsystem.entities.model.ViewingRequest(46).status]
 |  \-EntityFetchSelectImpl [gr.hua.dit.ds.housingsystem.entities.model.ViewingRequest(46).tenant]

2024-12-29T11:44:53.796+02:00 DEBUG 56227 --- [housingsystem] [           main] org.hibernate.orm.sql.ast.tree           : SQL AST Tree:
    SelectStatement {
      FromClause {
        StandardTableGroup (vr1 : gr.hua.dit.ds.housingsystem.entities.model.ViewingRequest(46)) {
          primaryTableReference : viewing_request as vr1_0
          TableGroupJoins {
            left  join LazyTableGroup (p1 : gr.hua.dit.ds.housingsystem.entities.model.ViewingRequest(46).property) {
            }
            left  join LazyTableGroup (t1 : gr.hua.dit.ds.housingsystem.entities.model.ViewingRequest(46).tenant) {
            }
          }
        }
      }
    }

2024-12-29T11:44:53.797+02:00 DEBUG 56227 --- [housingsystem] [           main] o.h.e.i.AbstractFlushingEventListener    : Flushed: 0 insertions, 0 updates, 0 deletions to 4 objects
2024-12-29T11:44:53.797+02:00 DEBUG 56227 --- [housingsystem] [           main] o.h.e.i.AbstractFlushingEventListener    : Flushed: 0 (re)creations, 0 updates, 0 removals to 0 collections
2024-12-29T11:44:53.798+02:00 DEBUG 56227 --- [housingsystem] [           main] o.hibernate.internal.util.EntityPrinter  : Listing entities:
2024-12-29T11:44:53.798+02:00 DEBUG 56227 --- [housingsystem] [           main] o.hibernate.internal.util.EntityPrinter  : gr.hua.dit.ds.housingsystem.entities.model.Property{area=City Center, owner=gr.hua.dit.ds.housingsystem.entities.model.AppUser#8, amenities=null, squareMeters=90, address=aaa bbb ccc, renovationYear=2021, numberOfRooms=3, photos=null, viewingRequests=null, atak=1122334455, approved=false, price=1800.0, availabilitySlots=null, id=2, category=APARTMENT, floor=2, numberOfBathrooms=2}
2024-12-29T11:44:53.798+02:00 DEBUG 56227 --- [housingsystem] [           main] o.hibernate.internal.util.EntityPrinter  : gr.hua.dit.ds.housingsystem.entities.model.AppUser{lastName=Tenant, role=TENANT, afm=1234567333, viewing=null, rental=null, firstName=Test, approved=false, password=password123, phone=1234567333, idFrontPath=uploads/idProofs/tenant-front-id.jpg, idBackPath=uploads/idProofs/tenant-back-id.jpg, id=7, email=tenant@example.com, username=testtenant}
2024-12-29T11:44:53.799+02:00 DEBUG 56227 --- [housingsystem] [           main] o.hibernate.internal.util.EntityPrinter  : gr.hua.dit.ds.housingsystem.entities.model.AppUser{lastName=Name, role=OWNER, afm=1234567444, viewing=null, rental=null, firstName=Owner, approved=false, password=password123, phone=1234567666, idFrontPath=uploads/idProofs/owner-front-id.jpg, idBackPath=uploads/idProofs/owner-back-id.jpg, id=8, email=owner2@example.com, username=viewingowner}
2024-12-29T11:44:53.799+02:00 DEBUG 56227 --- [housingsystem] [           main] o.hibernate.internal.util.EntityPrinter  : gr.hua.dit.ds.housingsystem.entities.model.ViewingRequest{property=gr.hua.dit.ds.housingsystem.entities.model.Property#2, proposedTime=2025-01-01T11:44:53.574223086, id=1, tenant=gr.hua.dit.ds.housingsystem.entities.model.AppUser#7, status=PENDING}
2024-12-29T11:44:53.799+02:00 DEBUG 56227 --- [housingsystem] [           main] org.hibernate.orm.sql.exec               : Skipping reading Query result cache data: cache-enabled = false, cache-mode = NORMAL
2024-12-29T11:44:53.799+02:00 DEBUG 56227 --- [housingsystem] [           main] org.hibernate.SQL                        : select vr1_0.id,vr1_0.property_id,vr1_0.proposed_time,vr1_0.status,vr1_0.tenant_id from viewing_request vr1_0 where vr1_0.status=?
Hibernate: select vr1_0.id,vr1_0.property_id,vr1_0.proposed_time,vr1_0.status,vr1_0.tenant_id from viewing_request vr1_0 where vr1_0.status=?
2024-12-29T11:44:54.000+02:00 DEBUG 56227 --- [housingsystem] [           main] org.hibernate.orm.results                : Initializer list:
	  gr.hua.dit.ds.housingsystem.entities.model.ViewingRequest(46).tenant -> EntitySelectFetchInitializer(gr.hua.dit.ds.housingsystem.entities.model.ViewingRequest(46).tenant)@1387473040 (ToOneAttributeMapping(NavigableRole[gr.hua.dit.ds.housingsystem.entities.model.ViewingRequest.tenant])@1857664802)
	  gr.hua.dit.ds.housingsystem.entities.model.ViewingRequest(46).property -> EntitySelectFetchInitializer(gr.hua.dit.ds.housingsystem.entities.model.ViewingRequest(46).property)@576721064 (ToOneAttributeMapping(NavigableRole[gr.hua.dit.ds.housingsystem.entities.model.ViewingRequest.property])@2004857056)
	  gr.hua.dit.ds.housingsystem.entities.model.ViewingRequest(46) -> EntityJoinedFetchInitializer(gr.hua.dit.ds.housingsystem.entities.model.ViewingRequest(46))@1019474231 (SingleTableEntityPersister(gr.hua.dit.ds.housingsystem.entities.model.ViewingRequest))

2024-12-29T11:44:54.002+02:00 DEBUG 56227 --- [housingsystem] [           main] org.springframework.test.context.cache   : Spring test ApplicationContext cache statistics: [DefaultContextCache@671d19c8 size = 1, maxSize = 32, parentContextCount = 0, hitCount = 78, missCount = 1, failureCount = 0]
2024-12-29T11:44:54.003+02:00 DEBUG 56227 --- [housingsystem] [           main] org.springframework.test.context.cache   : Spring test ApplicationContext cache statistics: [DefaultContextCache@671d19c8 size = 1, maxSize = 32, parentContextCount = 0, hitCount = 79, missCount = 1, failureCount = 0]
2024-12-29T11:44:54.004+02:00 DEBUG 56227 --- [housingsystem] [           main] org.springframework.test.context.cache   : Spring test ApplicationContext cache statistics: [DefaultContextCache@671d19c8 size = 1, maxSize = 32, parentContextCount = 0, hitCount = 80, missCount = 1, failureCount = 0]
2024-12-29T11:44:54.004+02:00 DEBUG 56227 --- [housingsystem] [           main] org.springframework.test.context.cache   : Spring test ApplicationContext cache statistics: [DefaultContextCache@671d19c8 size = 1, maxSize = 32, parentContextCount = 0, hitCount = 81, missCount = 1, failureCount = 0]
2024-12-29T11:44:54.004+02:00 DEBUG 56227 --- [housingsystem] [           main] org.springframework.test.context.cache   : Spring test ApplicationContext cache statistics: [DefaultContextCache@671d19c8 size = 1, maxSize = 32, parentContextCount = 0, hitCount = 82, missCount = 1, failureCount = 0]
2024-12-29T11:44:54.004+02:00 DEBUG 56227 --- [housingsystem] [           main] org.springframework.test.context.cache   : Spring test ApplicationContext cache statistics: [DefaultContextCache@671d19c8 size = 1, maxSize = 32, parentContextCount = 0, hitCount = 83, missCount = 1, failureCount = 0]
2024-12-29T11:44:54.005+02:00 DEBUG 56227 --- [housingsystem] [           main] org.springframework.test.context.cache   : Spring test ApplicationContext cache statistics: [DefaultContextCache@671d19c8 size = 1, maxSize = 32, parentContextCount = 0, hitCount = 84, missCount = 1, failureCount = 0]
2024-12-29T11:44:54.005+02:00 DEBUG 56227 --- [housingsystem] [           main] org.springframework.test.context.cache   : Spring test ApplicationContext cache statistics: [DefaultContextCache@671d19c8 size = 1, maxSize = 32, parentContextCount = 0, hitCount = 85, missCount = 1, failureCount = 0]
2024-12-29T11:44:54.005+02:00 DEBUG 56227 --- [housingsystem] [           main] o.s.orm.jpa.JpaTransactionManager        : Initiating transaction rollback
2024-12-29T11:44:54.005+02:00 DEBUG 56227 --- [housingsystem] [           main] o.s.orm.jpa.JpaTransactionManager        : Rolling back JPA transaction on EntityManager [SessionImpl(1368519920<open>)]
2024-12-29T11:44:54.005+02:00 DEBUG 56227 --- [housingsystem] [           main] o.h.e.t.internal.TransactionImpl         : rolling back
2024-12-29T11:44:54.205+02:00 DEBUG 56227 --- [housingsystem] [           main] o.s.orm.jpa.JpaTransactionManager        : Closing JPA EntityManager [SessionImpl(1368519920<open>)] after transaction
2024-12-29T11:44:54.206+02:00 DEBUG 56227 --- [housingsystem] [           main] o.s.t.c.transaction.TransactionContext   : Rolled back transaction (1) for test class [gr.hua.dit.ds.housingsystem.repositories.ViewingRequestRepositoryTest]; test method [testSaveAndFindByStatus]
2024-12-29T11:44:54.206+02:00 DEBUG 56227 --- [housingsystem] [           main] .c.s.DirtiesContextTestExecutionListener : After test method: class [ViewingRequestRepositoryTest], method [testSaveAndFindByStatus], class annotated with @DirtiesContext [false] with mode [null], method annotated with @DirtiesContext [false] with mode [null]
2024-12-29T11:44:54.206+02:00 DEBUG 56227 --- [housingsystem] [           main] o.s.t.c.w.ServletTestExecutionListener   : Resetting RequestContextHolder for test class gr.hua.dit.ds.housingsystem.repositories.ViewingRequestRepositoryTest
]]></system-out>
  </testcase>
</testsuite>